{"/Users/depool/proyectos/mi-pana-app-3.0/src/services/authService.ts": {"path":"/Users/depool/proyectos/mi-pana-app-3.0/src/services/authService.ts","statementMap":{"0":{"start":{"line":7,"column":27},"end":{"line":249,"column":null}},"1":{"start":{"line":11,"column":28},"end":{"line":20,"column":null}},"2":{"start":{"line":21,"column":4},"end":{"line":21,"column":null}},"3":{"start":{"line":25,"column":28},"end":{"line":30,"column":null}},"4":{"start":{"line":32,"column":4},"end":{"line":32,"column":null}},"5":{"start":{"line":32,"column":15},"end":{"line":32,"column":null}},"6":{"start":{"line":33,"column":4},"end":{"line":33,"column":null}},"7":{"start":{"line":43,"column":4},"end":{"line":50,"column":null}},"8":{"start":{"line":44,"column":6},"end":{"line":47,"column":null}},"9":{"start":{"line":56,"column":4},"end":{"line":56,"column":null}},"10":{"start":{"line":63,"column":28},"end":{"line":67,"column":null}},"11":{"start":{"line":68,"column":4},"end":{"line":68,"column":null}},"12":{"start":{"line":72,"column":4},"end":{"line":84,"column":null}},"13":{"start":{"line":73,"column":30},"end":{"line":75,"column":null}},"14":{"start":{"line":77,"column":6},"end":{"line":77,"column":null}},"15":{"start":{"line":77,"column":17},"end":{"line":77,"column":null}},"16":{"start":{"line":78,"column":6},"end":{"line":78,"column":null}},"17":{"start":{"line":78,"column":44},"end":{"line":78,"column":null}},"18":{"start":{"line":80,"column":6},"end":{"line":80,"column":null}},"19":{"start":{"line":82,"column":6},"end":{"line":82,"column":null}},"20":{"start":{"line":83,"column":6},"end":{"line":83,"column":null}},"21":{"start":{"line":88,"column":46},"end":{"line":88,"column":null}},"22":{"start":{"line":89,"column":4},"end":{"line":89,"column":null}},"23":{"start":{"line":89,"column":29},"end":{"line":89,"column":null}},"24":{"start":{"line":91,"column":22},"end":{"line":91,"column":null}},"25":{"start":{"line":93,"column":4},"end":{"line":97,"column":null}},"26":{"start":{"line":94,"column":6},"end":{"line":94,"column":null}},"27":{"start":{"line":94,"column":54},"end":{"line":94,"column":69}},"28":{"start":{"line":96,"column":6},"end":{"line":96,"column":null}},"29":{"start":{"line":99,"column":50},"end":{"line":103,"column":null}},"30":{"start":{"line":105,"column":4},"end":{"line":105,"column":null}},"31":{"start":{"line":105,"column":21},"end":{"line":105,"column":null}},"32":{"start":{"line":106,"column":4},"end":{"line":106,"column":null}},"33":{"start":{"line":111,"column":4},"end":{"line":111,"column":null}},"34":{"start":{"line":115,"column":4},"end":{"line":115,"column":null}},"35":{"start":{"line":119,"column":4},"end":{"line":119,"column":null}},"36":{"start":{"line":124,"column":18},"end":{"line":124,"column":null}},"37":{"start":{"line":126,"column":28},"end":{"line":129,"column":null}},"38":{"start":{"line":131,"column":4},"end":{"line":134,"column":null}},"39":{"start":{"line":132,"column":6},"end":{"line":132,"column":null}},"40":{"start":{"line":133,"column":6},"end":{"line":133,"column":null}},"41":{"start":{"line":136,"column":4},"end":{"line":138,"column":null}},"42":{"start":{"line":137,"column":6},"end":{"line":137,"column":null}},"43":{"start":{"line":142,"column":25},"end":{"line":142,"column":null}},"44":{"start":{"line":144,"column":4},"end":{"line":151,"column":null}},"45":{"start":{"line":155,"column":51},"end":{"line":155,"column":null}},"46":{"start":{"line":159,"column":53},"end":{"line":171,"column":null}},"47":{"start":{"line":173,"column":4},"end":{"line":178,"column":null}},"48":{"start":{"line":174,"column":6},"end":{"line":176,"column":null}},"49":{"start":{"line":175,"column":8},"end":{"line":175,"column":null}},"50":{"start":{"line":177,"column":6},"end":{"line":177,"column":null}},"51":{"start":{"line":180,"column":4},"end":{"line":182,"column":null}},"52":{"start":{"line":181,"column":6},"end":{"line":181,"column":null}},"53":{"start":{"line":186,"column":4},"end":{"line":193,"column":null}},"54":{"start":{"line":199,"column":37},"end":{"line":204,"column":null}},"55":{"start":{"line":206,"column":4},"end":{"line":209,"column":null}},"56":{"start":{"line":207,"column":6},"end":{"line":207,"column":null}},"57":{"start":{"line":208,"column":6},"end":{"line":208,"column":null}},"58":{"start":{"line":211,"column":4},"end":{"line":211,"column":null}},"59":{"start":{"line":221,"column":28},"end":{"line":223,"column":null}},"60":{"start":{"line":225,"column":4},"end":{"line":228,"column":null}},"61":{"start":{"line":226,"column":6},"end":{"line":226,"column":null}},"62":{"start":{"line":227,"column":6},"end":{"line":227,"column":null}},"63":{"start":{"line":230,"column":4},"end":{"line":230,"column":null}},"64":{"start":{"line":238,"column":28},"end":{"line":240,"column":null}},"65":{"start":{"line":242,"column":4},"end":{"line":245,"column":null}},"66":{"start":{"line":243,"column":6},"end":{"line":243,"column":null}},"67":{"start":{"line":244,"column":6},"end":{"line":244,"column":null}},"68":{"start":{"line":247,"column":4},"end":{"line":247,"column":null}}},"fnMap":{"0":{"name":"(anonymous_0)","decl":{"start":{"line":10,"column":20},"end":{"line":10,"column":32}},"loc":{"start":{"line":10,"column":32},"end":{"line":22,"column":null}},"line":10},"1":{"name":"(anonymous_1)","decl":{"start":{"line":24,"column":26},"end":{"line":24,"column":33}},"loc":{"start":{"line":24,"column":67},"end":{"line":34,"column":null}},"line":24},"2":{"name":"(anonymous_2)","decl":{"start":{"line":37,"column":28},"end":{"line":37,"column":35}},"loc":{"start":{"line":37,"column":70},"end":{"line":51,"column":null}},"line":37},"3":{"name":"(anonymous_3)","decl":{"start":{"line":55,"column":10},"end":{"line":55,"column":22}},"loc":{"start":{"line":55,"column":22},"end":{"line":57,"column":null}},"line":55},"4":{"name":"(anonymous_4)","decl":{"start":{"line":62,"column":14},"end":{"line":62,"column":21}},"loc":{"start":{"line":62,"column":40},"end":{"line":69,"column":null}},"line":62},"5":{"name":"(anonymous_5)","decl":{"start":{"line":71,"column":22},"end":{"line":71,"column":29}},"loc":{"start":{"line":71,"column":143},"end":{"line":85,"column":null}},"line":71},"6":{"name":"(anonymous_6)","decl":{"start":{"line":87,"column":24},"end":{"line":87,"column":31}},"loc":{"start":{"line":87,"column":83},"end":{"line":107,"column":null}},"line":87},"7":{"name":"(anonymous_7)","decl":{"start":{"line":94,"column":38},"end":{"line":94,"column":39}},"loc":{"start":{"line":94,"column":54},"end":{"line":94,"column":69}},"line":94},"8":{"name":"(anonymous_8)","decl":{"start":{"line":109,"column":19},"end":{"line":109,"column":26}},"loc":{"start":{"line":109,"column":44},"end":{"line":112,"column":null}},"line":109},"9":{"name":"(anonymous_9)","decl":{"start":{"line":113,"column":17},"end":{"line":113,"column":29}},"loc":{"start":{"line":113,"column":29},"end":{"line":116,"column":null}},"line":113},"10":{"name":"(anonymous_10)","decl":{"start":{"line":118,"column":19},"end":{"line":118,"column":31}},"loc":{"start":{"line":118,"column":31},"end":{"line":120,"column":null}},"line":118},"11":{"name":"(anonymous_11)","decl":{"start":{"line":122,"column":21},"end":{"line":122,"column":28}},"loc":{"start":{"line":122,"column":69},"end":{"line":152,"column":null}},"line":122},"12":{"name":"(anonymous_12)","decl":{"start":{"line":154,"column":16},"end":{"line":154,"column":23}},"loc":{"start":{"line":154,"column":71},"end":{"line":194,"column":null}},"line":154},"13":{"name":"(anonymous_13)","decl":{"start":{"line":198,"column":14},"end":{"line":198,"column":21}},"loc":{"start":{"line":198,"column":61},"end":{"line":212,"column":null}},"line":198},"14":{"name":"(anonymous_14)","decl":{"start":{"line":220,"column":24},"end":{"line":220,"column":31}},"loc":{"start":{"line":220,"column":49},"end":{"line":231,"column":null}},"line":220},"15":{"name":"(anonymous_15)","decl":{"start":{"line":237,"column":18},"end":{"line":237,"column":25}},"loc":{"start":{"line":237,"column":49},"end":{"line":248,"column":null}},"line":237}},"branchMap":{"0":{"loc":{"start":{"line":32,"column":4},"end":{"line":32,"column":null}},"type":"if","locations":[{"start":{"line":32,"column":4},"end":{"line":32,"column":null}},{"start":{},"end":{}}],"line":32},"1":{"loc":{"start":{"line":77,"column":6},"end":{"line":77,"column":null}},"type":"if","locations":[{"start":{"line":77,"column":6},"end":{"line":77,"column":null}},{"start":{},"end":{}}],"line":77},"2":{"loc":{"start":{"line":77,"column":33},"end":{"line":77,"column":70}},"type":"binary-expr","locations":[{"start":{"line":77,"column":33},"end":{"line":77,"column":50}},{"start":{"line":77,"column":50},"end":{"line":77,"column":70}}],"line":77},"3":{"loc":{"start":{"line":78,"column":6},"end":{"line":78,"column":null}},"type":"if","locations":[{"start":{"line":78,"column":6},"end":{"line":78,"column":null}},{"start":{},"end":{}}],"line":78},"4":{"loc":{"start":{"line":78,"column":10},"end":{"line":78,"column":44}},"type":"binary-expr","locations":[{"start":{"line":78,"column":10},"end":{"line":78,"column":28}},{"start":{"line":78,"column":28},"end":{"line":78,"column":44}}],"line":78},"5":{"loc":{"start":{"line":89,"column":4},"end":{"line":89,"column":null}},"type":"if","locations":[{"start":{"line":89,"column":4},"end":{"line":89,"column":null}},{"start":{},"end":{}}],"line":89},"6":{"loc":{"start":{"line":89,"column":8},"end":{"line":89,"column":29}},"type":"binary-expr","locations":[{"start":{"line":89,"column":8},"end":{"line":89,"column":22}},{"start":{"line":89,"column":22},"end":{"line":89,"column":29}}],"line":89},"7":{"loc":{"start":{"line":91,"column":22},"end":{"line":91,"column":null}},"type":"binary-expr","locations":[{"start":{"line":91,"column":22},"end":{"line":91,"column":48}},{"start":{"line":91,"column":48},"end":{"line":91,"column":null}}],"line":91},"8":{"loc":{"start":{"line":93,"column":4},"end":{"line":97,"column":null}},"type":"if","locations":[{"start":{"line":93,"column":4},"end":{"line":97,"column":null}},{"start":{"line":95,"column":11},"end":{"line":97,"column":null}}],"line":93},"9":{"loc":{"start":{"line":105,"column":4},"end":{"line":105,"column":null}},"type":"if","locations":[{"start":{"line":105,"column":4},"end":{"line":105,"column":null}},{"start":{},"end":{}}],"line":105},"10":{"loc":{"start":{"line":124,"column":18},"end":{"line":124,"column":null}},"type":"cond-expr","locations":[{"start":{"line":124,"column":45},"end":{"line":124,"column":58}},{"start":{"line":124,"column":58},"end":{"line":124,"column":null}}],"line":124},"11":{"loc":{"start":{"line":131,"column":4},"end":{"line":134,"column":null}},"type":"if","locations":[{"start":{"line":131,"column":4},"end":{"line":134,"column":null}},{"start":{},"end":{}}],"line":131},"12":{"loc":{"start":{"line":136,"column":4},"end":{"line":138,"column":null}},"type":"if","locations":[{"start":{"line":136,"column":4},"end":{"line":138,"column":null}},{"start":{},"end":{}}],"line":136},"13":{"loc":{"start":{"line":142,"column":25},"end":{"line":142,"column":null}},"type":"binary-expr","locations":[{"start":{"line":142,"column":25},"end":{"line":142,"column":52}},{"start":{"line":142,"column":52},"end":{"line":142,"column":null}}],"line":142},"14":{"loc":{"start":{"line":146,"column":13},"end":{"line":146,"column":null}},"type":"binary-expr","locations":[{"start":{"line":146,"column":13},"end":{"line":146,"column":32}},{"start":{"line":146,"column":32},"end":{"line":146,"column":null}}],"line":146},"15":{"loc":{"start":{"line":147,"column":12},"end":{"line":147,"column":null}},"type":"binary-expr","locations":[{"start":{"line":147,"column":12},"end":{"line":147,"column":33}},{"start":{"line":147,"column":33},"end":{"line":147,"column":67}},{"start":{"line":147,"column":67},"end":{"line":147,"column":null}}],"line":147},"16":{"loc":{"start":{"line":148,"column":12},"end":{"line":148,"column":null}},"type":"binary-expr","locations":[{"start":{"line":148,"column":12},"end":{"line":148,"column":33}},{"start":{"line":148,"column":33},"end":{"line":148,"column":null}}],"line":148},"17":{"loc":{"start":{"line":149,"column":13},"end":{"line":149,"column":null}},"type":"binary-expr","locations":[{"start":{"line":149,"column":13},"end":{"line":149,"column":35}},{"start":{"line":149,"column":35},"end":{"line":149,"column":null}}],"line":149},"18":{"loc":{"start":{"line":173,"column":4},"end":{"line":178,"column":null}},"type":"if","locations":[{"start":{"line":173,"column":4},"end":{"line":178,"column":null}},{"start":{},"end":{}}],"line":173},"19":{"loc":{"start":{"line":174,"column":6},"end":{"line":176,"column":null}},"type":"if","locations":[{"start":{"line":174,"column":6},"end":{"line":176,"column":null}},{"start":{},"end":{}}],"line":174},"20":{"loc":{"start":{"line":180,"column":4},"end":{"line":182,"column":null}},"type":"if","locations":[{"start":{"line":180,"column":4},"end":{"line":182,"column":null}},{"start":{},"end":{}}],"line":180},"21":{"loc":{"start":{"line":206,"column":4},"end":{"line":209,"column":null}},"type":"if","locations":[{"start":{"line":206,"column":4},"end":{"line":209,"column":null}},{"start":{},"end":{}}],"line":206},"22":{"loc":{"start":{"line":225,"column":4},"end":{"line":228,"column":null}},"type":"if","locations":[{"start":{"line":225,"column":4},"end":{"line":228,"column":null}},{"start":{},"end":{}}],"line":225},"23":{"loc":{"start":{"line":242,"column":4},"end":{"line":245,"column":null}},"type":"if","locations":[{"start":{"line":242,"column":4},"end":{"line":245,"column":null}},{"start":{},"end":{}}],"line":242}},"s":{"0":1,"1":0,"2":0,"3":0,"4":0,"5":0,"6":0,"7":0,"8":0,"9":1,"10":1,"11":1,"12":0,"13":0,"14":0,"15":0,"16":0,"17":0,"18":0,"19":0,"20":0,"21":0,"22":0,"23":0,"24":0,"25":0,"26":0,"27":0,"28":0,"29":0,"30":0,"31":0,"32":0,"33":0,"34":0,"35":0,"36":3,"37":3,"38":3,"39":1,"40":1,"41":2,"42":0,"43":2,"44":3,"45":2,"46":2,"47":2,"48":1,"49":1,"50":0,"51":1,"52":0,"53":1,"54":0,"55":0,"56":0,"57":0,"58":0,"59":1,"60":1,"61":0,"62":0,"63":1,"64":1,"65":1,"66":0,"67":0,"68":1},"f":{"0":0,"1":0,"2":0,"3":1,"4":1,"5":0,"6":0,"7":0,"8":0,"9":0,"10":0,"11":3,"12":2,"13":0,"14":1,"15":1},"b":{"0":[0,0],"1":[0,0],"2":[0,0],"3":[0,0],"4":[0,0],"5":[0,0],"6":[0,0],"7":[0,0],"8":[0,0],"9":[0,0],"10":[2,1],"11":[1,2],"12":[0,2],"13":[2,0],"14":[3,0],"15":[3,0,0],"16":[3,0],"17":[3,1],"18":[1,1],"19":[1,0],"20":[0,1],"21":[0,0],"22":[0,1],"23":[0,1]},"meta":{"lastBranch":24,"lastFunction":16,"lastStatement":69,"seen":{"s:7:27:249:Infinity":0,"f:10:20:10:32":0,"s:11:28:20:Infinity":1,"s:21:4:21:Infinity":2,"f:24:26:24:33":1,"s:25:28:30:Infinity":3,"b:32:4:32:Infinity:undefined:undefined:undefined:undefined":0,"s:32:4:32:Infinity":4,"s:32:15:32:Infinity":5,"s:33:4:33:Infinity":6,"f:37:28:37:35":2,"s:43:4:50:Infinity":7,"s:44:6:47:Infinity":8,"f:55:10:55:22":3,"s:56:4:56:Infinity":9,"f:62:14:62:21":4,"s:63:28:67:Infinity":10,"s:68:4:68:Infinity":11,"f:71:22:71:29":5,"s:72:4:84:Infinity":12,"s:73:30:75:Infinity":13,"b:77:6:77:Infinity:undefined:undefined:undefined:undefined":1,"s:77:6:77:Infinity":14,"s:77:17:77:Infinity":15,"b:77:33:77:50:77:50:77:70":2,"b:78:6:78:Infinity:undefined:undefined:undefined:undefined":3,"s:78:6:78:Infinity":16,"b:78:10:78:28:78:28:78:44":4,"s:78:44:78:Infinity":17,"s:80:6:80:Infinity":18,"s:82:6:82:Infinity":19,"s:83:6:83:Infinity":20,"f:87:24:87:31":6,"s:88:46:88:Infinity":21,"b:89:4:89:Infinity:undefined:undefined:undefined:undefined":5,"s:89:4:89:Infinity":22,"b:89:8:89:22:89:22:89:29":6,"s:89:29:89:Infinity":23,"s:91:22:91:Infinity":24,"b:91:22:91:48:91:48:91:Infinity":7,"b:93:4:97:Infinity:95:11:97:Infinity":8,"s:93:4:97:Infinity":25,"s:94:6:94:Infinity":26,"f:94:38:94:39":7,"s:94:54:94:69":27,"s:96:6:96:Infinity":28,"s:99:50:103:Infinity":29,"b:105:4:105:Infinity:undefined:undefined:undefined:undefined":9,"s:105:4:105:Infinity":30,"s:105:21:105:Infinity":31,"s:106:4:106:Infinity":32,"f:109:19:109:26":8,"s:111:4:111:Infinity":33,"f:113:17:113:29":9,"s:115:4:115:Infinity":34,"f:118:19:118:31":10,"s:119:4:119:Infinity":35,"f:122:21:122:28":11,"s:124:18:124:Infinity":36,"b:124:45:124:58:124:58:124:Infinity":10,"s:126:28:129:Infinity":37,"b:131:4:134:Infinity:undefined:undefined:undefined:undefined":11,"s:131:4:134:Infinity":38,"s:132:6:132:Infinity":39,"s:133:6:133:Infinity":40,"b:136:4:138:Infinity:undefined:undefined:undefined:undefined":12,"s:136:4:138:Infinity":41,"s:137:6:137:Infinity":42,"s:142:25:142:Infinity":43,"b:142:25:142:52:142:52:142:Infinity":13,"s:144:4:151:Infinity":44,"b:146:13:146:32:146:32:146:Infinity":14,"b:147:12:147:33:147:33:147:67:147:67:147:Infinity":15,"b:148:12:148:33:148:33:148:Infinity":16,"b:149:13:149:35:149:35:149:Infinity":17,"f:154:16:154:23":12,"s:155:51:155:Infinity":45,"s:159:53:171:Infinity":46,"b:173:4:178:Infinity:undefined:undefined:undefined:undefined":18,"s:173:4:178:Infinity":47,"b:174:6:176:Infinity:undefined:undefined:undefined:undefined":19,"s:174:6:176:Infinity":48,"s:175:8:175:Infinity":49,"s:177:6:177:Infinity":50,"b:180:4:182:Infinity:undefined:undefined:undefined:undefined":20,"s:180:4:182:Infinity":51,"s:181:6:181:Infinity":52,"s:186:4:193:Infinity":53,"f:198:14:198:21":13,"s:199:37:204:Infinity":54,"b:206:4:209:Infinity:undefined:undefined:undefined:undefined":21,"s:206:4:209:Infinity":55,"s:207:6:207:Infinity":56,"s:208:6:208:Infinity":57,"s:211:4:211:Infinity":58,"f:220:24:220:31":14,"s:221:28:223:Infinity":59,"b:225:4:228:Infinity:undefined:undefined:undefined:undefined":22,"s:225:4:228:Infinity":60,"s:226:6:226:Infinity":61,"s:227:6:227:Infinity":62,"s:230:4:230:Infinity":63,"f:237:18:237:25":15,"s:238:28:240:Infinity":64,"b:242:4:245:Infinity:undefined:undefined:undefined:undefined":23,"s:242:4:245:Infinity":65,"s:243:6:243:Infinity":66,"s:244:6:244:Infinity":67,"s:247:4:247:Infinity":68}}}
,"/Users/depool/proyectos/mi-pana-app-3.0/src/services/pricingService.ts": {"path":"/Users/depool/proyectos/mi-pana-app-3.0/src/services/pricingService.ts","statementMap":{"0":{"start":{"line":6,"column":20},"end":{"line":6,"column":null}},"1":{"start":{"line":9,"column":28},"end":{"line":9,"column":null}},"2":{"start":{"line":10,"column":27},"end":{"line":10,"column":null}},"3":{"start":{"line":23,"column":28},"end":{"line":45,"column":null}},"4":{"start":{"line":24,"column":4},"end":{"line":44,"column":null}},"5":{"start":{"line":25,"column":8},"end":{"line":25,"column":null}},"6":{"start":{"line":26,"column":25},"end":{"line":26,"column":null}},"7":{"start":{"line":28,"column":8},"end":{"line":28,"column":null}},"8":{"start":{"line":28,"column":26},"end":{"line":28,"column":null}},"9":{"start":{"line":30,"column":34},"end":{"line":30,"column":null}},"10":{"start":{"line":33,"column":21},"end":{"line":33,"column":null}},"11":{"start":{"line":35,"column":8},"end":{"line":41,"column":null}},"12":{"start":{"line":36,"column":12},"end":{"line":36,"column":null}},"13":{"start":{"line":37,"column":12},"end":{"line":37,"column":null}},"14":{"start":{"line":38,"column":12},"end":{"line":38,"column":null}},"15":{"start":{"line":40,"column":12},"end":{"line":40,"column":null}},"16":{"start":{"line":43,"column":8},"end":{"line":43,"column":null}},"17":{"start":{"line":48,"column":0},"end":{"line":48,"column":null}},"18":{"start":{"line":51,"column":0},"end":{"line":51,"column":null}},"19":{"start":{"line":53,"column":26},"end":{"line":58,"column":null}},"20":{"start":{"line":54,"column":4},"end":{"line":57,"column":null}},"21":{"start":{"line":60,"column":48},"end":{"line":105,"column":null}},"22":{"start":{"line":108,"column":22},"end":{"line":108,"column":null}},"23":{"start":{"line":108,"column":47},"end":{"line":108,"column":null}},"24":{"start":{"line":109,"column":26},"end":{"line":109,"column":null}},"25":{"start":{"line":109,"column":51},"end":{"line":109,"column":null}},"26":{"start":{"line":111,"column":36},"end":{"line":167,"column":null}},"27":{"start":{"line":112,"column":20},"end":{"line":112,"column":null}},"28":{"start":{"line":112,"column":46},"end":{"line":112,"column":64}},"29":{"start":{"line":113,"column":4},"end":{"line":113,"column":null}},"30":{"start":{"line":113,"column":18},"end":{"line":113,"column":null}},"31":{"start":{"line":115,"column":20},"end":{"line":115,"column":null}},"32":{"start":{"line":117,"column":18},"end":{"line":117,"column":null}},"33":{"start":{"line":118,"column":4},"end":{"line":120,"column":null}},"34":{"start":{"line":119,"column":8},"end":{"line":119,"column":null}},"35":{"start":{"line":122,"column":4},"end":{"line":122,"column":null}},"36":{"start":{"line":123,"column":20},"end":{"line":123,"column":null}},"37":{"start":{"line":125,"column":37},"end":{"line":125,"column":null}},"38":{"start":{"line":126,"column":30},"end":{"line":126,"column":null}},"39":{"start":{"line":127,"column":40},"end":{"line":127,"column":null}},"40":{"start":{"line":129,"column":31},"end":{"line":129,"column":null}},"41":{"start":{"line":130,"column":33},"end":{"line":130,"column":null}},"42":{"start":{"line":131,"column":34},"end":{"line":131,"column":null}},"43":{"start":{"line":133,"column":24},"end":{"line":133,"column":null}},"44":{"start":{"line":134,"column":20},"end":{"line":134,"column":null}},"45":{"start":{"line":136,"column":4},"end":{"line":166,"column":null}},"46":{"start":{"line":169,"column":30},"end":{"line":176,"column":null}},"47":{"start":{"line":170,"column":24},"end":{"line":170,"column":null}},"48":{"start":{"line":171,"column":4},"end":{"line":175,"column":null}}},"fnMap":{"0":{"name":"(anonymous_0)","decl":{"start":{"line":23,"column":28},"end":{"line":23,"column":40}},"loc":{"start":{"line":23,"column":40},"end":{"line":45,"column":null}},"line":23},"1":{"name":"(anonymous_1)","decl":{"start":{"line":53,"column":26},"end":{"line":53,"column":40}},"loc":{"start":{"line":53,"column":40},"end":{"line":58,"column":null}},"line":53},"2":{"name":"(anonymous_2)","decl":{"start":{"line":108,"column":22},"end":{"line":108,"column":23}},"loc":{"start":{"line":108,"column":47},"end":{"line":108,"column":null}},"line":108},"3":{"name":"(anonymous_3)","decl":{"start":{"line":109,"column":26},"end":{"line":109,"column":27}},"loc":{"start":{"line":109,"column":51},"end":{"line":109,"column":null}},"line":109},"4":{"name":"(anonymous_4)","decl":{"start":{"line":111,"column":36},"end":{"line":111,"column":37}},"loc":{"start":{"line":111,"column":101},"end":{"line":167,"column":null}},"line":111},"5":{"name":"(anonymous_5)","decl":{"start":{"line":112,"column":41},"end":{"line":112,"column":46}},"loc":{"start":{"line":112,"column":46},"end":{"line":112,"column":64}},"line":112},"6":{"name":"(anonymous_6)","decl":{"start":{"line":169,"column":30},"end":{"line":169,"column":31}},"loc":{"start":{"line":169,"column":150},"end":{"line":176,"column":null}},"line":169}},"branchMap":{"0":{"loc":{"start":{"line":28,"column":8},"end":{"line":28,"column":null}},"type":"if","locations":[{"start":{"line":28,"column":8},"end":{"line":28,"column":null}},{"start":{},"end":{}}],"line":28},"1":{"loc":{"start":{"line":35,"column":8},"end":{"line":41,"column":null}},"type":"if","locations":[{"start":{"line":35,"column":8},"end":{"line":41,"column":null}},{"start":{"line":39,"column":15},"end":{"line":41,"column":null}}],"line":35},"2":{"loc":{"start":{"line":35,"column":12},"end":{"line":35,"column":50}},"type":"binary-expr","locations":[{"start":{"line":35,"column":12},"end":{"line":35,"column":40}},{"start":{"line":35,"column":40},"end":{"line":35,"column":50}}],"line":35},"3":{"loc":{"start":{"line":37,"column":37},"end":{"line":37,"column":74}},"type":"binary-expr","locations":[{"start":{"line":37,"column":37},"end":{"line":37,"column":64}},{"start":{"line":37,"column":64},"end":{"line":37,"column":74}}],"line":37},"4":{"loc":{"start":{"line":113,"column":4},"end":{"line":113,"column":null}},"type":"if","locations":[{"start":{"line":113,"column":4},"end":{"line":113,"column":null}},{"start":{},"end":{}}],"line":113},"5":{"loc":{"start":{"line":118,"column":4},"end":{"line":120,"column":null}},"type":"if","locations":[{"start":{"line":118,"column":4},"end":{"line":120,"column":null}},{"start":{},"end":{}}],"line":118},"6":{"loc":{"start":{"line":169,"column":51},"end":{"line":169,"column":150}},"type":"default-arg","locations":[{"start":{"line":169,"column":74},"end":{"line":169,"column":150}}],"line":169}},"s":{"0":1,"1":1,"2":1,"3":1,"4":1,"5":1,"6":1,"7":0,"8":0,"9":0,"10":0,"11":0,"12":0,"13":0,"14":0,"15":0,"16":0,"17":1,"18":1,"19":1,"20":0,"21":1,"22":1,"23":166,"24":1,"25":192,"26":1,"27":28,"28":59,"29":28,"30":1,"31":27,"32":27,"33":27,"34":24,"35":27,"36":27,"37":27,"38":27,"39":27,"40":27,"41":27,"42":27,"43":27,"44":27,"45":27,"46":1,"47":9,"48":9},"f":{"0":1,"1":0,"2":166,"3":192,"4":28,"5":59,"6":9},"b":{"0":[0,0],"1":[0,0],"2":[0,0],"3":[0,0],"4":[1,27],"5":[24,3],"6":[9]},"meta":{"lastBranch":7,"lastFunction":7,"lastStatement":49,"seen":{"s:6:20:6:Infinity":0,"s:9:28:9:Infinity":1,"s:10:27:10:Infinity":2,"s:23:28:45:Infinity":3,"f:23:28:23:40":0,"s:24:4:44:Infinity":4,"s:25:8:25:Infinity":5,"s:26:25:26:Infinity":6,"b:28:8:28:Infinity:undefined:undefined:undefined:undefined":0,"s:28:8:28:Infinity":7,"s:28:26:28:Infinity":8,"s:30:34:30:Infinity":9,"s:33:21:33:Infinity":10,"b:35:8:41:Infinity:39:15:41:Infinity":1,"s:35:8:41:Infinity":11,"b:35:12:35:40:35:40:35:50":2,"s:36:12:36:Infinity":12,"s:37:12:37:Infinity":13,"b:37:37:37:64:37:64:37:74":3,"s:38:12:38:Infinity":14,"s:40:12:40:Infinity":15,"s:43:8:43:Infinity":16,"s:48:0:48:Infinity":17,"s:51:0:51:Infinity":18,"s:53:26:58:Infinity":19,"f:53:26:53:40":1,"s:54:4:57:Infinity":20,"s:60:48:105:Infinity":21,"s:108:22:108:Infinity":22,"f:108:22:108:23":2,"s:108:47:108:Infinity":23,"s:109:26:109:Infinity":24,"f:109:26:109:27":3,"s:109:51:109:Infinity":25,"s:111:36:167:Infinity":26,"f:111:36:111:37":4,"s:112:20:112:Infinity":27,"f:112:41:112:46":5,"s:112:46:112:64":28,"b:113:4:113:Infinity:undefined:undefined:undefined:undefined":4,"s:113:4:113:Infinity":29,"s:113:18:113:Infinity":30,"s:115:20:115:Infinity":31,"s:117:18:117:Infinity":32,"b:118:4:120:Infinity:undefined:undefined:undefined:undefined":5,"s:118:4:120:Infinity":33,"s:119:8:119:Infinity":34,"s:122:4:122:Infinity":35,"s:123:20:123:Infinity":36,"s:125:37:125:Infinity":37,"s:126:30:126:Infinity":38,"s:127:40:127:Infinity":39,"s:129:31:129:Infinity":40,"s:130:33:130:Infinity":41,"s:131:34:131:Infinity":42,"s:133:24:133:Infinity":43,"s:134:20:134:Infinity":44,"s:136:4:166:Infinity":45,"s:169:30:176:Infinity":46,"f:169:30:169:31":6,"b:169:74:169:150":6,"s:170:24:170:Infinity":47,"s:171:4:175:Infinity":48}}}
,"/Users/depool/proyectos/mi-pana-app-3.0/src/services/tripService.ts": {"path":"/Users/depool/proyectos/mi-pana-app-3.0/src/services/tripService.ts","statementMap":{"0":{"start":{"line":4,"column":21},"end":{"line":4,"column":null}},"1":{"start":{"line":5,"column":26},"end":{"line":5,"column":null}},"2":{"start":{"line":7,"column":27},"end":{"line":178,"column":null}},"3":{"start":{"line":22,"column":55},"end":{"line":32,"column":null}},"4":{"start":{"line":35,"column":8},"end":{"line":38,"column":null}},"5":{"start":{"line":36,"column":12},"end":{"line":36,"column":null}},"6":{"start":{"line":37,"column":12},"end":{"line":37,"column":null}},"7":{"start":{"line":39,"column":8},"end":{"line":42,"column":null}},"8":{"start":{"line":40,"column":12},"end":{"line":40,"column":null}},"9":{"start":{"line":41,"column":12},"end":{"line":41,"column":null}},"10":{"start":{"line":44,"column":32},"end":{"line":48,"column":null}},"11":{"start":{"line":50,"column":8},"end":{"line":53,"column":null}},"12":{"start":{"line":51,"column":12},"end":{"line":51,"column":null}},"13":{"start":{"line":52,"column":12},"end":{"line":52,"column":null}},"14":{"start":{"line":55,"column":21},"end":{"line":55,"column":null}},"15":{"start":{"line":58,"column":8},"end":{"line":62,"column":null}},"16":{"start":{"line":59,"column":12},"end":{"line":61,"column":null}},"17":{"start":{"line":60,"column":16},"end":{"line":60,"column":null}},"18":{"start":{"line":64,"column":8},"end":{"line":64,"column":null}},"19":{"start":{"line":72,"column":38},"end":{"line":72,"column":null}},"20":{"start":{"line":74,"column":8},"end":{"line":77,"column":null}},"21":{"start":{"line":75,"column":12},"end":{"line":75,"column":null}},"22":{"start":{"line":76,"column":12},"end":{"line":76,"column":null}},"23":{"start":{"line":79,"column":8},"end":{"line":97,"column":null}},"24":{"start":{"line":80,"column":29},"end":{"line":87,"column":null}},"25":{"start":{"line":89,"column":12},"end":{"line":94,"column":null}},"26":{"start":{"line":90,"column":30},"end":{"line":90,"column":null}},"27":{"start":{"line":91,"column":16},"end":{"line":91,"column":null}},"28":{"start":{"line":93,"column":16},"end":{"line":93,"column":null}},"29":{"start":{"line":96,"column":12},"end":{"line":96,"column":null}},"30":{"start":{"line":104,"column":29},"end":{"line":121,"column":null}},"31":{"start":{"line":115,"column":20},"end":{"line":115,"column":null}},"32":{"start":{"line":116,"column":20},"end":{"line":118,"column":null}},"33":{"start":{"line":117,"column":24},"end":{"line":117,"column":null}},"34":{"start":{"line":123,"column":8},"end":{"line":125,"column":null}},"35":{"start":{"line":124,"column":12},"end":{"line":124,"column":null}},"36":{"start":{"line":132,"column":26},"end":{"line":135,"column":null}},"37":{"start":{"line":137,"column":8},"end":{"line":137,"column":null}},"38":{"start":{"line":137,"column":19},"end":{"line":137,"column":null}},"39":{"start":{"line":144,"column":32},"end":{"line":148,"column":null}},"40":{"start":{"line":150,"column":8},"end":{"line":153,"column":null}},"41":{"start":{"line":151,"column":12},"end":{"line":151,"column":null}},"42":{"start":{"line":152,"column":12},"end":{"line":152,"column":null}},"43":{"start":{"line":155,"column":8},"end":{"line":155,"column":null}},"44":{"start":{"line":162,"column":32},"end":{"line":169,"column":null}},"45":{"start":{"line":171,"column":8},"end":{"line":174,"column":null}},"46":{"start":{"line":172,"column":12},"end":{"line":172,"column":null}},"47":{"start":{"line":173,"column":12},"end":{"line":173,"column":null}},"48":{"start":{"line":176,"column":8},"end":{"line":176,"column":null}},"49":{"start":{"line":182,"column":4},"end":{"line":197,"column":null}}},"fnMap":{"0":{"name":"(anonymous_0)","decl":{"start":{"line":11,"column":10},"end":{"line":11,"column":null}},"loc":{"start":{"line":20,"column":21},"end":{"line":65,"column":null}},"line":20},"1":{"name":"(anonymous_1)","decl":{"start":{"line":59,"column":48},"end":{"line":59,"column":55}},"loc":{"start":{"line":59,"column":55},"end":{"line":61,"column":13}},"line":59},"2":{"name":"(anonymous_2)","decl":{"start":{"line":71,"column":10},"end":{"line":71,"column":26}},"loc":{"start":{"line":71,"column":57},"end":{"line":98,"column":null}},"line":71},"3":{"name":"(anonymous_3)","decl":{"start":{"line":103,"column":4},"end":{"line":103,"column":20}},"loc":{"start":{"line":103,"column":68},"end":{"line":126,"column":null}},"line":103},"4":{"name":"(anonymous_4)","decl":{"start":{"line":114,"column":16},"end":{"line":114,"column":17}},"loc":{"start":{"line":114,"column":29},"end":{"line":119,"column":null}},"line":114},"5":{"name":"(anonymous_5)","decl":{"start":{"line":123,"column":15},"end":{"line":123,"column":21}},"loc":{"start":{"line":123,"column":21},"end":{"line":125,"column":null}},"line":123},"6":{"name":"(anonymous_6)","decl":{"start":{"line":131,"column":10},"end":{"line":131,"column":21}},"loc":{"start":{"line":131,"column":37},"end":{"line":138,"column":null}},"line":131},"7":{"name":"(anonymous_7)","decl":{"start":{"line":143,"column":10},"end":{"line":143,"column":25}},"loc":{"start":{"line":143,"column":58},"end":{"line":156,"column":null}},"line":143},"8":{"name":"(anonymous_8)","decl":{"start":{"line":161,"column":10},"end":{"line":161,"column":24}},"loc":{"start":{"line":161,"column":62},"end":{"line":177,"column":null}},"line":161},"9":{"name":"mapDbTripToRide","decl":{"start":{"line":181,"column":9},"end":{"line":181,"column":25}},"loc":{"start":{"line":181,"column":46},"end":{"line":198,"column":null}},"line":181}},"branchMap":{"0":{"loc":{"start":{"line":19,"column":8},"end":{"line":19,"column":null}},"type":"default-arg","locations":[{"start":{"line":19,"column":29},"end":{"line":19,"column":null}}],"line":19},"1":{"loc":{"start":{"line":35,"column":8},"end":{"line":38,"column":null}},"type":"if","locations":[{"start":{"line":35,"column":8},"end":{"line":38,"column":null}},{"start":{},"end":{}}],"line":35},"2":{"loc":{"start":{"line":35,"column":12},"end":{"line":35,"column":38}},"type":"binary-expr","locations":[{"start":{"line":35,"column":12},"end":{"line":35,"column":26}},{"start":{"line":35,"column":26},"end":{"line":35,"column":38}}],"line":35},"3":{"loc":{"start":{"line":39,"column":8},"end":{"line":42,"column":null}},"type":"if","locations":[{"start":{"line":39,"column":8},"end":{"line":42,"column":null}},{"start":{},"end":{}}],"line":39},"4":{"loc":{"start":{"line":39,"column":12},"end":{"line":39,"column":48}},"type":"binary-expr","locations":[{"start":{"line":39,"column":12},"end":{"line":39,"column":31}},{"start":{"line":39,"column":31},"end":{"line":39,"column":48}}],"line":39},"5":{"loc":{"start":{"line":50,"column":8},"end":{"line":53,"column":null}},"type":"if","locations":[{"start":{"line":50,"column":8},"end":{"line":53,"column":null}},{"start":{},"end":{}}],"line":50},"6":{"loc":{"start":{"line":58,"column":8},"end":{"line":62,"column":null}},"type":"if","locations":[{"start":{"line":58,"column":8},"end":{"line":62,"column":null}},{"start":{},"end":{}}],"line":58},"7":{"loc":{"start":{"line":74,"column":8},"end":{"line":77,"column":null}},"type":"if","locations":[{"start":{"line":74,"column":8},"end":{"line":77,"column":null}},{"start":{},"end":{}}],"line":74},"8":{"loc":{"start":{"line":89,"column":12},"end":{"line":94,"column":null}},"type":"if","locations":[{"start":{"line":89,"column":12},"end":{"line":94,"column":null}},{"start":{"line":92,"column":19},"end":{"line":94,"column":null}}],"line":89},"9":{"loc":{"start":{"line":116,"column":20},"end":{"line":118,"column":null}},"type":"if","locations":[{"start":{"line":116,"column":20},"end":{"line":118,"column":null}},{"start":{},"end":{}}],"line":116},"10":{"loc":{"start":{"line":137,"column":8},"end":{"line":137,"column":null}},"type":"if","locations":[{"start":{"line":137,"column":8},"end":{"line":137,"column":null}},{"start":{},"end":{}}],"line":137},"11":{"loc":{"start":{"line":150,"column":8},"end":{"line":153,"column":null}},"type":"if","locations":[{"start":{"line":150,"column":8},"end":{"line":153,"column":null}},{"start":{},"end":{}}],"line":150},"12":{"loc":{"start":{"line":171,"column":8},"end":{"line":174,"column":null}},"type":"if","locations":[{"start":{"line":171,"column":8},"end":{"line":174,"column":null}},{"start":{},"end":{}}],"line":171},"13":{"loc":{"start":{"line":176,"column":15},"end":{"line":176,"column":null}},"type":"cond-expr","locations":[{"start":{"line":176,"column":22},"end":{"line":176,"column":46}},{"start":{"line":176,"column":46},"end":{"line":176,"column":null}}],"line":176}},"s":{"0":1,"1":1,"2":1,"3":4,"4":4,"5":4,"6":4,"7":4,"8":4,"9":4,"10":4,"11":4,"12":0,"13":0,"14":4,"15":4,"16":0,"17":0,"18":4,"19":2,"20":2,"21":1,"22":1,"23":1,"24":1,"25":1,"26":0,"27":0,"28":1,"29":0,"30":0,"31":0,"32":0,"33":0,"34":0,"35":0,"36":1,"37":1,"38":0,"39":1,"40":1,"41":0,"42":0,"43":1,"44":2,"45":2,"46":0,"47":0,"48":2,"49":7},"f":{"0":4,"1":0,"2":2,"3":0,"4":0,"5":0,"6":1,"7":1,"8":2,"9":7},"b":{"0":[4],"1":[4,0],"2":[4,4],"3":[4,0],"4":[4,4],"5":[0,4],"6":[0,4],"7":[1,1],"8":[0,1],"9":[0,0],"10":[0,1],"11":[0,1],"12":[0,2],"13":[1,1]},"meta":{"lastBranch":14,"lastFunction":10,"lastStatement":50,"seen":{"s:4:21:4:Infinity":0,"s:5:26:5:Infinity":1,"s:7:27:178:Infinity":2,"f:11:10:11:Infinity":0,"b:19:29:19:Infinity":0,"s:22:55:32:Infinity":3,"b:35:8:38:Infinity:undefined:undefined:undefined:undefined":1,"s:35:8:38:Infinity":4,"b:35:12:35:26:35:26:35:38":2,"s:36:12:36:Infinity":5,"s:37:12:37:Infinity":6,"b:39:8:42:Infinity:undefined:undefined:undefined:undefined":3,"s:39:8:42:Infinity":7,"b:39:12:39:31:39:31:39:48":4,"s:40:12:40:Infinity":8,"s:41:12:41:Infinity":9,"s:44:32:48:Infinity":10,"b:50:8:53:Infinity:undefined:undefined:undefined:undefined":5,"s:50:8:53:Infinity":11,"s:51:12:51:Infinity":12,"s:52:12:52:Infinity":13,"s:55:21:55:Infinity":14,"b:58:8:62:Infinity:undefined:undefined:undefined:undefined":6,"s:58:8:62:Infinity":15,"s:59:12:61:Infinity":16,"f:59:48:59:55":1,"s:60:16:60:Infinity":17,"s:64:8:64:Infinity":18,"f:71:10:71:26":2,"s:72:38:72:Infinity":19,"b:74:8:77:Infinity:undefined:undefined:undefined:undefined":7,"s:74:8:77:Infinity":20,"s:75:12:75:Infinity":21,"s:76:12:76:Infinity":22,"s:79:8:97:Infinity":23,"s:80:29:87:Infinity":24,"b:89:12:94:Infinity:92:19:94:Infinity":8,"s:89:12:94:Infinity":25,"s:90:30:90:Infinity":26,"s:91:16:91:Infinity":27,"s:93:16:93:Infinity":28,"s:96:12:96:Infinity":29,"f:103:4:103:20":3,"s:104:29:121:Infinity":30,"f:114:16:114:17":4,"s:115:20:115:Infinity":31,"b:116:20:118:Infinity:undefined:undefined:undefined:undefined":9,"s:116:20:118:Infinity":32,"s:117:24:117:Infinity":33,"s:123:8:125:Infinity":34,"f:123:15:123:21":5,"s:124:12:124:Infinity":35,"f:131:10:131:21":6,"s:132:26:135:Infinity":36,"b:137:8:137:Infinity:undefined:undefined:undefined:undefined":10,"s:137:8:137:Infinity":37,"s:137:19:137:Infinity":38,"f:143:10:143:25":7,"s:144:32:148:Infinity":39,"b:150:8:153:Infinity:undefined:undefined:undefined:undefined":11,"s:150:8:153:Infinity":40,"s:151:12:151:Infinity":41,"s:152:12:152:Infinity":42,"s:155:8:155:Infinity":43,"f:161:10:161:24":8,"s:162:32:169:Infinity":44,"b:171:8:174:Infinity:undefined:undefined:undefined:undefined":12,"s:171:8:174:Infinity":45,"s:172:12:172:Infinity":46,"s:173:12:173:Infinity":47,"s:176:8:176:Infinity":48,"b:176:22:176:46:176:46:176:Infinity":13,"f:181:9:181:25":9,"s:182:4:197:Infinity":49}}}
,"/Users/depool/proyectos/mi-pana-app-3.0/src/services/walletService.ts": {"path":"/Users/depool/proyectos/mi-pana-app-3.0/src/services/walletService.ts","statementMap":{"0":{"start":{"line":32,"column":29},"end":{"line":146,"column":null}},"1":{"start":{"line":38,"column":8},"end":{"line":84,"column":null}},"2":{"start":{"line":39,"column":36},"end":{"line":45,"column":null}},"3":{"start":{"line":62,"column":29},"end":{"line":69,"column":null}},"4":{"start":{"line":71,"column":12},"end":{"line":71,"column":null}},"5":{"start":{"line":71,"column":30},"end":{"line":71,"column":null}},"6":{"start":{"line":73,"column":27},"end":{"line":73,"column":null}},"7":{"start":{"line":74,"column":12},"end":{"line":74,"column":null}},"8":{"start":{"line":74,"column":33},"end":{"line":74,"column":null}},"9":{"start":{"line":76,"column":12},"end":{"line":79,"column":null}},"10":{"start":{"line":82,"column":12},"end":{"line":82,"column":null}},"11":{"start":{"line":83,"column":12},"end":{"line":83,"column":null}},"12":{"start":{"line":92,"column":8},"end":{"line":106,"column":null}},"13":{"start":{"line":93,"column":18},"end":{"line":93,"column":null}},"14":{"start":{"line":95,"column":36},"end":{"line":97,"column":null}},"15":{"start":{"line":99,"column":12},"end":{"line":99,"column":null}},"16":{"start":{"line":99,"column":23},"end":{"line":99,"column":null}},"17":{"start":{"line":100,"column":12},"end":{"line":100,"column":null}},"18":{"start":{"line":100,"column":31},"end":{"line":100,"column":null}},"19":{"start":{"line":102,"column":12},"end":{"line":102,"column":null}},"20":{"start":{"line":104,"column":12},"end":{"line":104,"column":null}},"21":{"start":{"line":105,"column":12},"end":{"line":105,"column":null}},"22":{"start":{"line":114,"column":8},"end":{"line":126,"column":null}},"23":{"start":{"line":115,"column":36},"end":{"line":117,"column":null}},"24":{"start":{"line":119,"column":12},"end":{"line":119,"column":null}},"25":{"start":{"line":119,"column":23},"end":{"line":119,"column":null}},"26":{"start":{"line":120,"column":12},"end":{"line":120,"column":null}},"27":{"start":{"line":120,"column":50},"end":{"line":120,"column":null}},"28":{"start":{"line":122,"column":12},"end":{"line":122,"column":null}},"29":{"start":{"line":124,"column":12},"end":{"line":124,"column":null}},"30":{"start":{"line":125,"column":12},"end":{"line":125,"column":null}},"31":{"start":{"line":134,"column":8},"end":{"line":144,"column":null}},"32":{"start":{"line":135,"column":36},"end":{"line":137,"column":null}},"33":{"start":{"line":139,"column":12},"end":{"line":139,"column":null}},"34":{"start":{"line":139,"column":23},"end":{"line":139,"column":null}},"35":{"start":{"line":140,"column":12},"end":{"line":140,"column":null}},"36":{"start":{"line":142,"column":12},"end":{"line":142,"column":null}},"37":{"start":{"line":143,"column":12},"end":{"line":143,"column":null}}},"fnMap":{"0":{"name":"(anonymous_0)","decl":{"start":{"line":37,"column":16},"end":{"line":37,"column":23}},"loc":{"start":{"line":37,"column":108},"end":{"line":85,"column":null}},"line":37},"1":{"name":"(anonymous_1)","decl":{"start":{"line":91,"column":21},"end":{"line":91,"column":28}},"loc":{"start":{"line":91,"column":137},"end":{"line":107,"column":null}},"line":91},"2":{"name":"(anonymous_2)","decl":{"start":{"line":113,"column":24},"end":{"line":113,"column":31}},"loc":{"start":{"line":113,"column":145},"end":{"line":127,"column":null}},"line":113},"3":{"name":"(anonymous_3)","decl":{"start":{"line":133,"column":20},"end":{"line":133,"column":27}},"loc":{"start":{"line":133,"column":102},"end":{"line":145,"column":null}},"line":133}},"branchMap":{"0":{"loc":{"start":{"line":71,"column":12},"end":{"line":71,"column":null}},"type":"if","locations":[{"start":{"line":71,"column":12},"end":{"line":71,"column":null}},{"start":{},"end":{}}],"line":71},"1":{"loc":{"start":{"line":74,"column":12},"end":{"line":74,"column":null}},"type":"if","locations":[{"start":{"line":74,"column":12},"end":{"line":74,"column":null}},{"start":{},"end":{}}],"line":74},"2":{"loc":{"start":{"line":91,"column":44},"end":{"line":91,"column":66}},"type":"default-arg","locations":[{"start":{"line":91,"column":59},"end":{"line":91,"column":66}}],"line":91},"3":{"loc":{"start":{"line":91,"column":66},"end":{"line":91,"column":84}},"type":"default-arg","locations":[{"start":{"line":91,"column":81},"end":{"line":91,"column":84}}],"line":91},"4":{"loc":{"start":{"line":91,"column":84},"end":{"line":91,"column":137}},"type":"default-arg","locations":[{"start":{"line":91,"column":100},"end":{"line":91,"column":137}}],"line":91},"5":{"loc":{"start":{"line":99,"column":12},"end":{"line":99,"column":null}},"type":"if","locations":[{"start":{"line":99,"column":12},"end":{"line":99,"column":null}},{"start":{},"end":{}}],"line":99},"6":{"loc":{"start":{"line":100,"column":12},"end":{"line":100,"column":null}},"type":"if","locations":[{"start":{"line":100,"column":12},"end":{"line":100,"column":null}},{"start":{},"end":{}}],"line":100},"7":{"loc":{"start":{"line":119,"column":12},"end":{"line":119,"column":null}},"type":"if","locations":[{"start":{"line":119,"column":12},"end":{"line":119,"column":null}},{"start":{},"end":{}}],"line":119},"8":{"loc":{"start":{"line":119,"column":39},"end":{"line":119,"column":76}},"type":"binary-expr","locations":[{"start":{"line":119,"column":39},"end":{"line":119,"column":56}},{"start":{"line":119,"column":56},"end":{"line":119,"column":76}}],"line":119},"9":{"loc":{"start":{"line":120,"column":12},"end":{"line":120,"column":null}},"type":"if","locations":[{"start":{"line":120,"column":12},"end":{"line":120,"column":null}},{"start":{},"end":{}}],"line":120},"10":{"loc":{"start":{"line":120,"column":16},"end":{"line":120,"column":50}},"type":"binary-expr","locations":[{"start":{"line":120,"column":16},"end":{"line":120,"column":34}},{"start":{"line":120,"column":34},"end":{"line":120,"column":50}}],"line":120},"11":{"loc":{"start":{"line":139,"column":12},"end":{"line":139,"column":null}},"type":"if","locations":[{"start":{"line":139,"column":12},"end":{"line":139,"column":null}},{"start":{},"end":{}}],"line":139}},"s":{"0":1,"1":3,"2":3,"3":3,"4":3,"5":0,"6":3,"7":3,"8":1,"9":2,"10":1,"11":1,"12":2,"13":2,"14":2,"15":2,"16":0,"17":2,"18":0,"19":2,"20":0,"21":0,"22":3,"23":3,"24":3,"25":0,"26":3,"27":1,"28":2,"29":1,"30":1,"31":4,"32":4,"33":2,"34":0,"35":2,"36":2,"37":2},"f":{"0":3,"1":2,"2":3,"3":4},"b":{"0":[0,3],"1":[1,2],"2":[2],"3":[2],"4":[2],"5":[0,2],"6":[0,2],"7":[0,3],"8":[0,0],"9":[1,2],"10":[3,2],"11":[0,2]},"meta":{"lastBranch":12,"lastFunction":4,"lastStatement":38,"seen":{"s:32:29:146:Infinity":0,"f:37:16:37:23":0,"s:38:8:84:Infinity":1,"s:39:36:45:Infinity":2,"s:62:29:69:Infinity":3,"b:71:12:71:Infinity:undefined:undefined:undefined:undefined":0,"s:71:12:71:Infinity":4,"s:71:30:71:Infinity":5,"s:73:27:73:Infinity":6,"b:74:12:74:Infinity:undefined:undefined:undefined:undefined":1,"s:74:12:74:Infinity":7,"s:74:33:74:Infinity":8,"s:76:12:79:Infinity":9,"s:82:12:82:Infinity":10,"s:83:12:83:Infinity":11,"f:91:21:91:28":1,"b:91:59:91:66":2,"b:91:81:91:84":3,"b:91:100:91:137":4,"s:92:8:106:Infinity":12,"s:93:18:93:Infinity":13,"s:95:36:97:Infinity":14,"b:99:12:99:Infinity:undefined:undefined:undefined:undefined":5,"s:99:12:99:Infinity":15,"s:99:23:99:Infinity":16,"b:100:12:100:Infinity:undefined:undefined:undefined:undefined":6,"s:100:12:100:Infinity":17,"s:100:31:100:Infinity":18,"s:102:12:102:Infinity":19,"s:104:12:104:Infinity":20,"s:105:12:105:Infinity":21,"f:113:24:113:31":2,"s:114:8:126:Infinity":22,"s:115:36:117:Infinity":23,"b:119:12:119:Infinity:undefined:undefined:undefined:undefined":7,"s:119:12:119:Infinity":24,"s:119:23:119:Infinity":25,"b:119:39:119:56:119:56:119:76":8,"b:120:12:120:Infinity:undefined:undefined:undefined:undefined":9,"s:120:12:120:Infinity":26,"b:120:16:120:34:120:34:120:50":10,"s:120:50:120:Infinity":27,"s:122:12:122:Infinity":28,"s:124:12:124:Infinity":29,"s:125:12:125:Infinity":30,"f:133:20:133:27":3,"s:134:8:144:Infinity":31,"s:135:36:137:Infinity":32,"b:139:12:139:Infinity:undefined:undefined:undefined:undefined":11,"s:139:12:139:Infinity":33,"s:139:23:139:Infinity":34,"s:140:12:140:Infinity":35,"s:142:12:142:Infinity":36,"s:143:12:143:Infinity":37}}}
,"/Users/depool/proyectos/mi-pana-app-3.0/src/utils/logger.ts": {"path":"/Users/depool/proyectos/mi-pana-app-3.0/src/utils/logger.ts","statementMap":{"0":{"start":{"line":6,"column":22},"end":{"line":6,"column":null}},"1":{"start":{"line":8,"column":22},"end":{"line":38,"column":null}},"2":{"start":{"line":10,"column":8},"end":{"line":12,"column":null}},"3":{"start":{"line":11,"column":12},"end":{"line":11,"column":null}},"4":{"start":{"line":16,"column":8},"end":{"line":18,"column":null}},"5":{"start":{"line":17,"column":12},"end":{"line":17,"column":null}},"6":{"start":{"line":22,"column":8},"end":{"line":24,"column":null}},"7":{"start":{"line":23,"column":12},"end":{"line":23,"column":null}},"8":{"start":{"line":28,"column":8},"end":{"line":30,"column":null}},"9":{"start":{"line":29,"column":12},"end":{"line":29,"column":null}},"10":{"start":{"line":34,"column":8},"end":{"line":36,"column":null}},"11":{"start":{"line":35,"column":12},"end":{"line":35,"column":null}}},"fnMap":{"0":{"name":"(anonymous_0)","decl":{"start":{"line":9,"column":9},"end":{"line":9,"column":13}},"loc":{"start":{"line":9,"column":29},"end":{"line":13,"column":null}},"line":9},"1":{"name":"(anonymous_1)","decl":{"start":{"line":15,"column":11},"end":{"line":15,"column":15}},"loc":{"start":{"line":15,"column":31},"end":{"line":19,"column":null}},"line":15},"2":{"name":"(anonymous_2)","decl":{"start":{"line":21,"column":10},"end":{"line":21,"column":14}},"loc":{"start":{"line":21,"column":30},"end":{"line":25,"column":null}},"line":21},"3":{"name":"(anonymous_3)","decl":{"start":{"line":27,"column":10},"end":{"line":27,"column":14}},"loc":{"start":{"line":27,"column":30},"end":{"line":31,"column":null}},"line":27},"4":{"name":"(anonymous_4)","decl":{"start":{"line":33,"column":11},"end":{"line":33,"column":15}},"loc":{"start":{"line":33,"column":31},"end":{"line":37,"column":null}},"line":33}},"branchMap":{"0":{"loc":{"start":{"line":10,"column":8},"end":{"line":12,"column":null}},"type":"if","locations":[{"start":{"line":10,"column":8},"end":{"line":12,"column":null}},{"start":{},"end":{}}],"line":10},"1":{"loc":{"start":{"line":16,"column":8},"end":{"line":18,"column":null}},"type":"if","locations":[{"start":{"line":16,"column":8},"end":{"line":18,"column":null}},{"start":{},"end":{}}],"line":16},"2":{"loc":{"start":{"line":22,"column":8},"end":{"line":24,"column":null}},"type":"if","locations":[{"start":{"line":22,"column":8},"end":{"line":24,"column":null}},{"start":{},"end":{}}],"line":22},"3":{"loc":{"start":{"line":28,"column":8},"end":{"line":30,"column":null}},"type":"if","locations":[{"start":{"line":28,"column":8},"end":{"line":30,"column":null}},{"start":{},"end":{}}],"line":28},"4":{"loc":{"start":{"line":34,"column":8},"end":{"line":36,"column":null}},"type":"if","locations":[{"start":{"line":34,"column":8},"end":{"line":36,"column":null}},{"start":{},"end":{}}],"line":34}},"s":{"0":1,"1":1,"2":1,"3":0,"4":0,"5":0,"6":0,"7":0,"8":0,"9":0,"10":0,"11":0},"f":{"0":1,"1":0,"2":0,"3":0,"4":0},"b":{"0":[0,1],"1":[0,0],"2":[0,0],"3":[0,0],"4":[0,0]},"meta":{"lastBranch":5,"lastFunction":5,"lastStatement":12,"seen":{"s:6:22:6:Infinity":0,"s:8:22:38:Infinity":1,"f:9:9:9:13":0,"b:10:8:12:Infinity:undefined:undefined:undefined:undefined":0,"s:10:8:12:Infinity":2,"s:11:12:11:Infinity":3,"f:15:11:15:15":1,"b:16:8:18:Infinity:undefined:undefined:undefined:undefined":1,"s:16:8:18:Infinity":4,"s:17:12:17:Infinity":5,"f:21:10:21:14":2,"b:22:8:24:Infinity:undefined:undefined:undefined:undefined":2,"s:22:8:24:Infinity":6,"s:23:12:23:Infinity":7,"f:27:10:27:14":3,"b:28:8:30:Infinity:undefined:undefined:undefined:undefined":3,"s:28:8:30:Infinity":8,"s:29:12:29:Infinity":9,"f:33:11:33:15":4,"b:34:8:36:Infinity:undefined:undefined:undefined:undefined":4,"s:34:8:36:Infinity":10,"s:35:12:35:Infinity":11}}}
}
